<?xml version="1.0" encoding="UTF-8"?>
<testsuite xmlns:xsi="http://www.w3.org/2001/XMLSchema-instance" xsi:noNamespaceSchemaLocation="https://maven.apache.org/surefire/maven-surefire-plugin/xsd/surefire-test-report-3.0.xsd" version="3.0" name="JUnitExample.TriangleTest" time="0.234" tests="11" errors="0" skipped="0" failures="0">
  <properties>
[...]
</properties>
  <testcase name="canBeInitialized(int)[1]" classname="JUnitExample.TriangleTest" time="0.039">
    <system-out><![CDATA[29.11.2022 15:21:03.481 [main] INFO  JUnitExample.TriangleTest - Testing data: 4
]]></system-out>
  </testcase>
  <testcase name="canBeInitialized(int)[2]" classname="JUnitExample.TriangleTest" time="0.001">
    <system-out><![CDATA[29.11.2022 15:21:03.492 [main] INFO  JUnitExample.TriangleTest - Testing data: 5
]]></system-out>
  </testcase>
  <testcase name="canBeInitialized(int)[3]" classname="JUnitExample.TriangleTest" time="0.001">
    <system-out><![CDATA[29.11.2022 15:21:03.494 [main] INFO  JUnitExample.TriangleTest - Testing data: 6
]]></system-out>
  </testcase>
  <testcase name="areaOfATriangleCanBeCalculatedOnlyWithPositiveOperands(int)[1]" classname="JUnitExample.TriangleTest" time="0.001">
    <system-out><![CDATA[29.11.2022 15:21:03.498 [main] INFO  JUnitExample.TriangleTest - Testing data: 3
]]></system-out>
  </testcase>
  <testcase name="areaOfATriangleCanBeCalculatedOnlyWithPositiveOperands(int)[2]" classname="JUnitExample.TriangleTest" time="0.001">
    <system-out><![CDATA[29.11.2022 15:21:03.500 [main] INFO  JUnitExample.TriangleTest - Testing data: 4
]]></system-out>
  </testcase>
  <testcase name="areaOfATriangleCanBeCalculatedOnlyWithPositiveOperands(int)[3]" classname="JUnitExample.TriangleTest" time="0.001">
    <system-out><![CDATA[29.11.2022 15:21:03.502 [main] INFO  JUnitExample.TriangleTest - Testing data: 5
]]></system-out>
  </testcase>
  <testcase name="cannotBeInitialized(int)[1]" classname="JUnitExample.TriangleTest" time="0.002">
    <system-out><![CDATA[29.11.2022 15:21:03.504 [main] INFO  JUnitExample.TriangleTest - Testing data: -1
]]></system-out>
  </testcase>
  <testcase name="cannotBeInitialized(int)[2]" classname="JUnitExample.TriangleTest" time="0.001">
    <system-out><![CDATA[29.11.2022 15:21:03.507 [main] INFO  JUnitExample.TriangleTest - Testing data: 0
]]></system-out>
  </testcase>
  <testcase name="areaOfATriangleCannotBeNegativeOrZeroValue(int)[1]" classname="JUnitExample.TriangleTest" time="0.001">
    <system-out><![CDATA[29.11.2022 15:21:03.510 [main] INFO  JUnitExample.TriangleTest - Testing data: -1
]]></system-out>
  </testcase>
  <testcase name="areaOfATriangleCannotBeNegativeOrZeroValue(int)[2]" classname="JUnitExample.TriangleTest" time="0.001">
    <system-out><![CDATA[29.11.2022 15:21:03.512 [main] INFO  JUnitExample.TriangleTest - Testing data: 0
]]></system-out>
  </testcase>
  <testcase name="sumOfTwoSidesAlwaysBiggerThanThird" classname="JUnitExample.TriangleTest" time="0.002">
    <system-out><![CDATA[29.11.2022 15:21:03.512 [main] INFO  JUnitExample.TriangleTest - Checking if sum of two is bigger than third
]]></system-out>
  </testcase>
</testsuite>